c:\users\xenolupus\gamedev\projects\minequest\minequest\debug\vc141.pdb
c:\users\xenolupus\gamedev\projects\minequest\minequest\debug\vc141.idb
c:\users\xenolupus\gamedev\projects\minequest\minequest\debug\vectortest.obj
c:\users\xenolupus\gamedev\projects\minequest\minequest\debug\spinner.obj
c:\users\xenolupus\gamedev\projects\minequest\minequest\debug\simplepencil.obj
c:\users\xenolupus\gamedev\projects\minequest\minequest\debug\setframerate.obj
c:\users\xenolupus\gamedev\projects\minequest\minequest\debug\scene.obj
c:\users\xenolupus\gamedev\projects\minequest\minequest\debug\rainbowify.obj
c:\users\xenolupus\gamedev\projects\minequest\minequest\debug\patterngenerator.obj
c:\users\xenolupus\gamedev\projects\minequest\minequest\debug\node.obj
c:\users\xenolupus\gamedev\projects\minequest\minequest\debug\main.obj
c:\users\xenolupus\gamedev\projects\minequest\minequest\debug\globle.obj
c:\users\xenolupus\gamedev\projects\minequest\minequest\debug\eventtracker.obj
c:\users\xenolupus\gamedev\projects\minequest\minequest\debug\drawtest.obj
c:\users\xenolupus\gamedev\projects\minequest\minequest\debug\debug.obj
c:\users\xenolupus\gamedev\projects\minequest\minequest\debug\containertest.obj
c:\users\xenolupus\gamedev\projects\minequest\minequest\debug\component.obj
c:\users\xenolupus\gamedev\projects\minequest\minequest\debug\circletest.obj
c:\users\xenolupus\gamedev\projects\minequest\minequest\debug\circlemove.obj
c:\users\xenolupus\gamedev\projects\minequest\debug\minequest.exe
c:\users\xenolupus\gamedev\projects\minequest\debug\minequest.ilk
c:\users\xenolupus\gamedev\projects\minequest\debug\minequest.pdb
c:\users\xenolupus\gamedev\projects\minequest\minequest\debug\minequest.tlog\cl.command.1.tlog
c:\users\xenolupus\gamedev\projects\minequest\minequest\debug\minequest.tlog\cl.read.1.tlog
c:\users\xenolupus\gamedev\projects\minequest\minequest\debug\minequest.tlog\cl.write.1.tlog
c:\users\xenolupus\gamedev\projects\minequest\minequest\debug\minequest.tlog\link.command.1.tlog
c:\users\xenolupus\gamedev\projects\minequest\minequest\debug\minequest.tlog\link.read.1.tlog
c:\users\xenolupus\gamedev\projects\minequest\minequest\debug\minequest.tlog\link.write.1.tlog
